14:41:16    16 -->                                                             [tcl] ucliGUI::connect -toolargs -ucligui -toolexe ./sim_build/simv -suppress=ASLR_DETECTED_INFO -pid 19800 -toolin /tmp/vcs_20240625144113_19796_eeshtref..stdin -toolout /tmp/vcs_20240625144113_19796_eeshtref..stdout  
14:41:16    17 -->                                                                 [tcl] set ucliGUI::state
14:41:16    18 -->                                                                     [tcl] gui_update_simulator_buttons
14:41:18    19 -->                                                                         [tcl] set ucliGUI::state
14:41:18    20 -->                                                                             [tcl] ucliCore::getToolPID
14:41:18    21 -->                                                                                 [tcl] synopsys::env hasTB
14:41:18    22 -->                                                                                     [tcl] trigger_hier_stack_context_switch 0
14:41:18    23 -->                                                                                         [tcl] synUtils::setDVEInitPhase 1
14:41:18    24 -->                                                                                             [tcl] gui_get_env SIMSETUP::SIMVPD
14:41:18    25 --> ...  [tcl] synopsys::dump -type VPD -file /home/nanohub/eeshtref/STARS2024/interfacee-less-risc/inter.vpd -locking
14:41:18    26 --> ...      [tcl] synopsys::dump -autoflush on -fid VPD0
14:41:18    27 --> ...          [tcl] set ::dve_fid VPD0
14:41:18    28 --> ...              [tcl] synUtils::setDVEInitPhase 0
14:41:18    29 --> ...                  [tcl] ucliCore::getToolPID
14:41:18    30 --> ...                      [tcl] synUtils::sendTool -active _icl_setToolSocket /tmp/smlnpharc1r
14:41:18    31 --> ...                          [tcl] synUtils::sendTool -active {_icl_start_rpc -version "V-2023.12-SP1-1_Full64" -sync_file /tmp/vcs_dve_rpc.eeshtref.19800}
14:41:18    32 --> ...                              [tcl] synUtils::sendTool -active {_icl_createSharedMemory /tmp/vcs_dve_general.eeshtref.19800}
14:41:19    33 --> ...                                  [tcl] dveMisc::vbusExpand tb_PCaddr
14:41:19    34 --> ...                                      [tcl] config endofsim noexit
14:41:19    35 --> ...                                          [tcl] config onfail enable all
14:41:19    36 --> ...                                              [tcl] config syscaddplainmembers
14:41:19    37 --> ...                                                  [tcl] config syscaddsourcenames
14:41:19    38 --> ...                                                      [tcl] config syscaddstructtypes
14:41:19    39 --> ...                                                          [tcl] synopsys::listing -disable
14:41:21    40 --> ...                                                              [tcl] synopsys::run
14:41:21    41 --> ...                                                                  [tcl] set ucliGUI::state
14:41:21    42 --> ...                                                                      [tcl] gui_update_simulator_buttons
14:41:21    43 --> ...                                                                          [tcl] set ucliGUI::state
14:41:21    44 --> ...                                                                              [tcl] set ucliGUI::state
14:41:21    45 --> ...                                                                                  [tcl] set ucliGUI::state
14:41:21    46 --> ...                                                                                      [tcl] catch {senv activeDomain} dveMisc::result 
14:41:21    47 --> ...                                                                                          [tcl] set dveMisc::result
14:41:21    48 --> ...                                                                                              [tcl] gui_update_simulator_buttons
14:52:49    49 --> ...                                                                                                  [tcl] if [catch {gui_sim_terminate}] {gui_sim_terminate -kill}
14:52:49    50 --> ...  [tcl] synopsys::finish
14:52:49    51 --> ...      [tcl] set ucliGUI::state
14:52:49    52 --> ...          [tcl] gui_update_simulator_buttons
14:52:49    53 --> ...              [tcl] set ucliGUI::state
14:52:49    54 --> ...                  [tcl] catch {senv activeDomain} dveMisc::result 
14:52:49    55 --> ...                      [tcl] set dveMisc::result
14:52:49    56 --> ...                          [tcl] gui_update_simulator_buttons
14:52:49    57 --> ...                              [tcl] catch {senv activeDomain} dveMisc::result 
14:52:49    58 --> ...                                  [tcl] set dveMisc::result
14:52:49    59 --> ...                                      [tcl] ucli_exit
