# Preference setting overrides
gui_create_pref_key -category {Globals} -key {load_detail_for_funcov} -value_type {bool} -value {false}

# State setting overrides
gui_state_default_create -off -ini
gui_set_state_value -category Layout -key child_console_size_x -value 1728
gui_set_state_value -category Layout -key child_console_size_y -value 570
gui_set_state_value -category Layout -key child_data_size_x -value 136
gui_set_state_value -category Layout -key child_data_size_y -value 123
gui_set_state_value -category Layout -key child_driver_size_x -value 1510
gui_set_state_value -category Layout -key child_driver_size_y -value 274
gui_set_state_value -category Layout -key child_hier_col3 -value {-1}
gui_set_state_value -category Layout -key child_hier_colpd -value 0
gui_set_state_value -category Layout -key child_hier_size_x -value 136
gui_set_state_value -category Layout -key child_hier_size_y -value 123
gui_set_state_value -category Layout -key child_list_down -value 167
gui_set_state_value -category Layout -key child_list_right -value 444
gui_set_state_value -category Layout -key child_source_docknewline -value false
gui_set_state_value -category Layout -key child_source_pos_y -value 1
gui_set_state_value -category Layout -key child_source_showstate -value normal
gui_set_state_value -category Layout -key child_source_size_x -value 516
gui_set_state_value -category Layout -key child_source_size_y -value 1
gui_set_state_value -category Layout -key child_wave_colname -value 241
gui_set_state_value -category Layout -key child_wave_colvalue -value 241
gui_set_state_value -category Layout -key child_wave_left -value 486
gui_set_state_value -category Layout -key child_wave_right -value 1184
gui_set_state_value -category Layout -key main_pos_x -value 29
gui_set_state_value -category Layout -key main_pos_y -value 222
gui_set_state_value -category Layout -key main_size_x -value 1757
gui_set_state_value -category Layout -key main_size_y -value 921
gui_set_state_value -category Layout -key stand_list_child_pos_x -value {-2}
gui_set_state_value -category Layout -key stand_list_child_pos_y -value {-15}
gui_set_state_value -category Layout -key stand_list_child_size_x -value 604
gui_set_state_value -category Layout -key stand_list_child_size_y -value 312
gui_set_state_value -category Layout -key stand_list_top_pos_x -value 504
gui_set_state_value -category Layout -key stand_list_top_pos_y -value 24
gui_set_state_value -category Layout -key stand_list_top_size_x -value 1103
gui_set_state_value -category Layout -key stand_list_top_size_y -value 523
gui_set_state_value -category Layout -key stand_wave_child_docknewline -value false
gui_set_state_value -category Layout -key stand_wave_child_pos_x -value {-2}
gui_set_state_value -category Layout -key stand_wave_child_pos_y -value {-15}
gui_set_state_value -category Layout -key stand_wave_child_size_x -value 1680
gui_set_state_value -category Layout -key stand_wave_child_size_y -value 525
gui_set_state_value -category Layout -key stand_wave_top_pos_x -value 30
gui_set_state_value -category Layout -key stand_wave_top_pos_y -value 105
gui_set_state_value -category Layout -key stand_wave_top_size_x -value 1705
gui_set_state_value -category Layout -key stand_wave_top_size_y -value 742
gui_create_state_key -category FindDialog -key m_pMatchCase -value_type bool -value false
gui_create_state_key -category FindDialog -key m_pMatchWord -value_type bool -value false
gui_create_state_key -category FindDialog -key m_pUseCombo -value_type string -value {}
gui_create_state_key -category FindDialog -key m_pWrapAround -value_type bool -value true
gui_state_default_create -off

# Begin command logging
gui_sim_run Ucli -exe ./sim_build/simv -args {-ucligui  -suppress=ASLR_DETECTED_INFO} -dir ./sim_build
gui_sim_continue  
gui_list_select -id Data.1 -selected  { tb_PCaddr.tb_clk   }
gui_list_select -id Data.1 { tb_PCaddr.tb_cuOP  tb_PCaddr.tb_iready  tb_PCaddr.tb_nRST  tb_PCaddr.tb_ALUneg  tb_PCaddr.tb_Zero  tb_PCaddr.tb_checking_outputs  {tb_PCaddr.tb_rs1Read[31:0]}  {tb_PCaddr.tb_signExtend[31:0]}  {tb_PCaddr.tb_PCaddr[31:0]}  {tb_PCaddr.tb_intermResult[31:0]}  {tb_PCaddr.tb_numOfTests[31:0]}  {tb_PCaddr.tb_test_num[31:0]}  tb_PCaddr.tb_test_case   }
gui_open_window Wave
gui_list_add -id Wave.1 -from Data.1 { tb_PCaddr.tb_clk tb_PCaddr.tb_cuOP tb_PCaddr.tb_iready tb_PCaddr.tb_nRST tb_PCaddr.tb_ALUneg tb_PCaddr.tb_Zero tb_PCaddr.tb_checking_outputs {tb_PCaddr.tb_rs1Read[31:0]} {tb_PCaddr.tb_signExtend[31:0]} {tb_PCaddr.tb_PCaddr[31:0]} {tb_PCaddr.tb_intermResult[31:0]} {tb_PCaddr.tb_numOfTests[31:0]} {tb_PCaddr.tb_test_num[31:0]} tb_PCaddr.tb_test_case } -insertionbar
gui_sim_restart
gui_wv_zoom_timerange -id  Wave.1 0 388
gui_wv_zoom_timerange -id  Wave.1 0 388
gui_zoom -window Wave.1 -full
gui_zoom -window Wave.1 -full
gui_sim_continue  
gui_wv_scrollleft -id  Wave.1  line
gui_wv_scrollleft -id  Wave.1  line
gui_wv_scrollleft -id  Wave.1  line
gui_wv_scrollleft -id  Wave.1  line
gui_wv_scrollleft -id  Wave.1  line
gui_wv_scrollleft -id  Wave.1  line
gui_wv_scrollleft -id  Wave.1  line
gui_wv_scrollleft -id  Wave.1  line
gui_wv_scrollleft -id  Wave.1  line
gui_wv_scrollleft -id  Wave.1  line
gui_wv_scrollleft -id  Wave.1  line
gui_wv_scrollleft -id  Wave.1  line
gui_wv_scrollleft -id  Wave.1  line
gui_wv_scrollleft -id  Wave.1  line
gui_wv_scrollleft -id  Wave.1  line
gui_wv_scrollleft -id  Wave.1  line
gui_wv_scrollleft -id  Wave.1  line
gui_wv_scrollleft -id  Wave.1  line
gui_wv_scrollleft -id  Wave.1  line
gui_wv_scrollleft -id  Wave.1  line
gui_wv_scrollleft -id  Wave.1  line
gui_wv_scrollleft -id  Wave.1  line
gui_wv_scrollleft -id  Wave.1  line
gui_wv_scrollleft -id  Wave.1  line
gui_wv_scrollleft -id  Wave.1  line
gui_wv_scrollleft -id  Wave.1  line
gui_wv_scrollleft -id  Wave.1  line
gui_wv_scrollleft -id  Wave.1  line
gui_wv_scrollleft -id  Wave.1  line
gui_wv_scrollleft -id  Wave.1  line
gui_wv_scrollleft -id  Wave.1  line
gui_wv_scrollleft -id  Wave.1  line
gui_wv_scrollleft -id  Wave.1  line
gui_marker_move -id  Wave.1 C1 405
gui_marker_move -id  Wave.1 C1 1459
gui_zoom -window Wave.1 -factor 2
gui_zoom -window Wave.1 -factor 2
gui_zoom -window Wave.1 -factor 2
gui_zoom -window Wave.1 -factor 2
gui_wv_zoom_timerange -id  Wave.1 1456 1471
gui_zoom -window Wave.1 -factor 0.5
gui_zoom -window Wave.1 -factor 0.5
gui_zoom -window Wave.1 -factor 0.5
gui_zoom -window Wave.1 -factor 0.5
gui_zoom -window Wave.1 -factor 0.5
gui_zoom -window Wave.1 -factor 0.5
gui_marker_move -id  Wave.1 C1 1429
gui_marker_move -id  Wave.1 C1 1341
gui_marker_move -id  Wave.1 C1 1210
gui_marker_move -id  Wave.1 C1 1365
gui_marker_move -id  Wave.1 C1 1276
gui_marker_move -id  Wave.1 C1 1700
gui_close_window -window TopLevel.2
gui_open_window Wave
gui_list_add -id Wave.1 -from Data.1 { tb_PCaddr.tb_Zero {tb_PCaddr.tb_rs1Read[31:0]} tb_PCaddr.tb_clk {tb_PCaddr.tb_cuOP[5:0]} tb_PCaddr.tb_checking_outputs tb_PCaddr.tb_nRST {tb_PCaddr.tb_PCaddr[31:0]} tb_PCaddr.tb_ALUneg {tb_PCaddr.tb_test_num[31:0]} {tb_PCaddr.tb_intermResult[31:0]} {tb_PCaddr.tb_signExtend[31:0]} tb_PCaddr.tb_iready tb_PCaddr.tb_test_case {tb_PCaddr.tb_numOfTests[31:0]} } -insertionbar
